<?xml version="1.0" encoding="UTF-8"?>
<!-- Generated by org.testng.reporters.JUnitReportReporter -->
<testsuite hostname="DESKTOP-TOV024I" failures="0" tests="1" name="com.inetbankingv2.testcases.TC_AddCustomerTest_003" time="27.497" errors="0" timestamp="07 Feb 2023 06:24:24 GMT" skipped="0">
  <testcase classname="com.inetbankingv2.testcases.TC_AddCustomerTest_003" name="addNewCustomer" time="27.497"/>
</testsuite> <!-- com.inetbankingv2.testcases.TC_AddCustomerTest_003 -->
