<?xml version="1.0" encoding="UTF-8"?>
<!-- Generated by org.testng.reporters.JUnitReportReporter -->
<testsuite hostname="DESKTOP-TOV024I" failures="0" tests="1" name="com.inetbankingv2.testcases.TC_LoginTest_001" time="10.936" errors="0" timestamp="07 Feb 2023 13:24:59 GMT" skipped="0">
  <testcase classname="com.inetbankingv2.testcases.TC_LoginTest_001" name="loginTest" time="10.936"/>
</testsuite> <!-- com.inetbankingv2.testcases.TC_LoginTest_001 -->
